# JRE version: OpenJDK Runtime Environment (7.0_95) (build 1.7.0_95-b00)
# Java VM: OpenJDK 64-Bit Server VM (24.95-b01 mixed mode linux-amd64 compressed oops)
Heap
 PSYoungGen      total 87040K, used 71001K [0x00000000faa80000, 0x0000000100000000, 0x0000000100000000)
  eden space 86528K, 82% used [0x00000000faa80000,0x00000000fefce4e0,0x00000000fff00000)
  from space 512K, 6% used [0x00000000fff00000,0x00000000fff08000,0x00000000fff80000)
  to   space 512K, 0% used [0x00000000fff80000,0x00000000fff80000,0x0000000100000000)
 ParOldGen       total 97792K, used 51061K [0x00000000f0000000, 0x00000000f5f80000, 0x00000000faa80000)
  object space 97792K, 52% used [0x00000000f0000000,0x00000000f31dd538,0x00000000f5f80000)
 PSPermGen       total 76800K, used 36060K [0x00000000e5a00000, 0x00000000ea500000, 0x00000000f0000000)
  object space 76800K, 46% used [0x00000000e5a00000,0x00000000e7d37340,0x00000000ea500000)
GC Heap History (10 events):
Event: 1594.004 GC heap before
{Heap before GC invocations=555 (full 2):
 PSYoungGen      total 87040K, used 86560K [0x00000000faa80000, 0x0000000100000000, 0x0000000100000000)
  eden space 86528K, 100% used [0x00000000faa80000,0x00000000fff00000,0x00000000fff00000)
  from space 512K, 6% used [0x00000000fff80000,0x00000000fff88000,0x0000000100000000)
  to   space 512K, 0% used [0x00000000fff00000,0x00000000fff00000,0x00000000fff80000)
 ParOldGen       total 97792K, used 51061K [0x00000000f0000000, 0x00000000f5f80000, 0x00000000faa80000)
  object space 97792K, 52% used [0x00000000f0000000,0x00000000f31dd538,0x00000000f5f80000)
 PSPermGen       total 76800K, used 36060K [0x00000000e5a00000, 0x00000000ea500000, 0x00000000f0000000)
  object space 76800K, 46% used [0x00000000e5a00000,0x00000000e7d37340,0x00000000ea500000)
Event: 1594.009 GC heap after
Heap after GC invocations=555 (full 2):
 PSYoungGen      total 87040K, used 32K [0x00000000faa80000, 0x0000000100000000, 0x0000000100000000)
  eden space 86528K, 0% used [0x00000000faa80000,0x00000000faa80000,0x00000000fff00000)
  from space 512K, 6% used [0x00000000fff00000,0x00000000fff08000,0x00000000fff80000)
  to   space 512K, 0% used [0x00000000fff80000,0x00000000fff80000,0x0000000100000000)
 ParOldGen       total 97792K, used 51061K [0x00000000f0000000, 0x00000000f5f80000, 0x00000000faa80000)
  object space 97792K, 52% used [0x00000000f0000000,0x00000000f31dd538,0x00000000f5f80000)
 PSPermGen       total 76800K, used 36060K [0x00000000e5a00000, 0x00000000ea500000, 0x00000000f0000000)
  object space 76800K, 46% used [0x00000000e5a00000,0x00000000e7d37340,0x00000000ea500000)
}
Event: 1594.017 GC heap before
{Heap before GC invocations=556 (full 2):
 PSYoungGen      total 87040K, used 86560K [0x00000000faa80000, 0x0000000100000000, 0x0000000100000000)
  eden space 86528K, 100% used [0x00000000faa80000,0x00000000fff00000,0x00000000fff00000)
  from space 512K, 6% used [0x00000000fff00000,0x00000000fff08000,0x00000000fff80000)
  to   space 512K, 0% used [0x00000000fff80000,0x00000000fff80000,0x0000000100000000)
 ParOldGen       total 97792K, used 51061K [0x00000000f0000000, 0x00000000f5f80000, 0x00000000faa80000)
  object space 97792K, 52% used [0x00000000f0000000,0x00000000f31dd538,0x00000000f5f80000)
 PSPermGen       total 76800K, used 36060K [0x00000000e5a00000, 0x00000000ea500000, 0x00000000f0000000)
  object space 76800K, 46% used [0x00000000e5a00000,0x00000000e7d37340,0x00000000ea500000)
Event: 1594.021 GC heap after
Heap after GC invocations=556 (full 2):
 PSYoungGen      total 87040K, used 32K [0x00000000faa80000, 0x0000000100000000, 0x0000000100000000)
  eden space 86528K, 0% used [0x00000000faa80000,0x00000000faa80000,0x00000000fff00000)
  from space 512K, 6% used [0x00000000fff80000,0x00000000fff88000,0x0000000100000000)
  to   space 512K, 0% used [0x00000000fff00000,0x00000000fff00000,0x00000000fff80000)
 ParOldGen       total 97792K, used 51061K [0x00000000f0000000, 0x00000000f5f80000, 0x00000000faa80000)
  object space 97792K, 52% used [0x00000000f0000000,0x00000000f31dd538,0x00000000f5f80000)
 PSPermGen       total 76800K, used 36060K [0x00000000e5a00000, 0x00000000ea500000, 0x00000000f0000000)
  object space 76800K, 46% used [0x00000000e5a00000,0x00000000e7d37340,0x00000000ea500000)
}
Event: 1594.029 GC heap before
{Heap before GC invocations=557 (full 2):
 PSYoungGen      total 87040K, used 86560K [0x00000000faa80000, 0x0000000100000000, 0x0000000100000000)
  eden space 86528K, 100% used [0x00000000faa80000,0x00000000fff00000,0x00000000fff00000)
  from space 512K, 6% used [0x00000000fff80000,0x00000000fff88000,0x0000000100000000)
  to   space 512K, 0% used [0x00000000fff00000,0x00000000fff00000,0x00000000fff80000)
 ParOldGen       total 97792K, used 51061K [0x00000000f0000000, 0x00000000f5f80000, 0x00000000faa80000)
  object space 97792K, 52% used [0x00000000f0000000,0x00000000f31dd538,0x00000000f5f80000)
 PSPermGen       total 76800K, used 36060K [0x00000000e5a00000, 0x00000000ea500000, 0x00000000f0000000)
  object space 76800K, 46% used [0x00000000e5a00000,0x00000000e7d37340,0x00000000ea500000)
Event: 1594.033 GC heap after
Heap after GC invocations=557 (full 2):
 PSYoungGen      total 87040K, used 32K [0x00000000faa80000, 0x0000000100000000, 0x0000000100000000)
  eden space 86528K, 0% used [0x00000000faa80000,0x00000000faa80000,0x00000000fff00000)
  from space 512K, 6% used [0x00000000fff00000,0x00000000fff08000,0x00000000fff80000)
  to   space 512K, 0% used [0x00000000fff80000,0x00000000fff80000,0x0000000100000000)
 ParOldGen       total 97792K, used 51061K [0x00000000f0000000, 0x00000000f5f80000, 0x00000000faa80000)
  object space 97792K, 52% used [0x00000000f0000000,0x00000000f31dd538,0x00000000f5f80000)
 PSPermGen       total 76800K, used 36060K [0x00000000e5a00000, 0x00000000ea500000, 0x00000000f0000000)
  object space 76800K, 46% used [0x00000000e5a00000,0x00000000e7d37340,0x00000000ea500000)
}
Event: 1594.039 GC heap before
{Heap before GC invocations=558 (full 2):
 PSYoungGen      total 87040K, used 86560K [0x00000000faa80000, 0x0000000100000000, 0x0000000100000000)
  eden space 86528K, 100% used [0x00000000faa80000,0x00000000fff00000,0x00000000fff00000)
  from space 512K, 6% used [0x00000000fff00000,0x00000000fff08000,0x00000000fff80000)
  to   space 512K, 0% used [0x00000000fff80000,0x00000000fff80000,0x0000000100000000)
 ParOldGen       total 97792K, used 51061K [0x00000000f0000000, 0x00000000f5f80000, 0x00000000faa80000)
  object space 97792K, 52% used [0x00000000f0000000,0x00000000f31dd538,0x00000000f5f80000)
 PSPermGen       total 76800K, used 36060K [0x00000000e5a00000, 0x00000000ea500000, 0x00000000f0000000)
  object space 76800K, 46% used [0x00000000e5a00000,0x00000000e7d37340,0x00000000ea500000)
Event: 1594.042 GC heap after
Heap after GC invocations=558 (full 2):
 PSYoungGen      total 87040K, used 32K [0x00000000faa80000, 0x0000000100000000, 0x0000000100000000)
  eden space 86528K, 0% used [0x00000000faa80000,0x00000000faa80000,0x00000000fff00000)
  from space 512K, 6% used [0x00000000fff80000,0x00000000fff88000,0x0000000100000000)
  to   space 512K, 0% used [0x00000000fff00000,0x00000000fff00000,0x00000000fff80000)
 ParOldGen       total 97792K, used 51061K [0x00000000f0000000, 0x00000000f5f80000, 0x00000000faa80000)
  object space 97792K, 52% used [0x00000000f0000000,0x00000000f31dd538,0x00000000f5f80000)
 PSPermGen       total 76800K, used 36060K [0x00000000e5a00000, 0x00000000ea500000, 0x00000000f0000000)
  object space 76800K, 46% used [0x00000000e5a00000,0x00000000e7d37340,0x00000000ea500000)
}
Event: 1594.048 GC heap before
{Heap before GC invocations=559 (full 2):
 PSYoungGen      total 87040K, used 86560K [0x00000000faa80000, 0x0000000100000000, 0x0000000100000000)
  eden space 86528K, 100% used [0x00000000faa80000,0x00000000fff00000,0x00000000fff00000)
  from space 512K, 6% used [0x00000000fff80000,0x00000000fff88000,0x0000000100000000)
  to   space 512K, 0% used [0x00000000fff00000,0x00000000fff00000,0x00000000fff80000)
 ParOldGen       total 97792K, used 51061K [0x00000000f0000000, 0x00000000f5f80000, 0x00000000faa80000)
  object space 97792K, 52% used [0x00000000f0000000,0x00000000f31dd538,0x00000000f5f80000)
 PSPermGen       total 76800K, used 36060K [0x00000000e5a00000, 0x00000000ea500000, 0x00000000f0000000)
  object space 76800K, 46% used [0x00000000e5a00000,0x00000000e7d37340,0x00000000ea500000)
Event: 1594.052 GC heap after
Heap after GC invocations=559 (full 2):
 PSYoungGen      total 87040K, used 32K [0x00000000faa80000, 0x0000000100000000, 0x0000000100000000)
  eden space 86528K, 0% used [0x00000000faa80000,0x00000000faa80000,0x00000000fff00000)
  from space 512K, 6% used [0x00000000fff00000,0x00000000fff08000,0x00000000fff80000)
  to   space 512K, 0% used [0x00000000fff80000,0x00000000fff80000,0x0000000100000000)
 ParOldGen       total 97792K, used 51061K [0x00000000f0000000, 0x00000000f5f80000, 0x00000000faa80000)
  object space 97792K, 52% used [0x00000000f0000000,0x00000000f31dd538,0x00000000f5f80000)
 PSPermGen       total 76800K, used 36060K [0x00000000e5a00000, 0x00000000ea500000, 0x00000000f0000000)
  object space 76800K, 46% used [0x00000000e5a00000,0x00000000e7d37340,0x00000000ea500000)
}

