# JRE version: OpenJDK Runtime Environment (8.0_171-b11) (build 1.8.0_171-8u171-b11-0ubuntu0.16.04.1-b11)
# Java VM: OpenJDK 64-Bit Server VM (25.171-b11 mixed mode linux-amd64 compressed oops)
Heap:
 PSYoungGen      total 58368K, used 5454K [0x00000000fab00000, 0x0000000100000000, 0x0000000100000000)
  eden space 29696K, 18% used [0x00000000fab00000,0x00000000fb053a40,0x00000000fc800000)
  from space 28672K, 0% used [0x00000000fc800000,0x00000000fc800000,0x00000000fe400000)
  to   space 28672K, 0% used [0x00000000fe400000,0x00000000fe400000,0x0000000100000000)
 ParOldGen       total 161792K, used 40290K [0x00000000f0000000, 0x00000000f9e00000, 0x00000000fab00000)
  object space 161792K, 24% used [0x00000000f0000000,0x00000000f27589a0,0x00000000f9e00000)
 Metaspace       used 38015K, capacity 38330K, committed 38784K, reserved 1083392K
  class space    used 4370K, capacity 4459K, committed 4480K, reserved 1048576K
GC Heap History (10 events):
Event: 343.460 GC heap before
{Heap before GC invocations=16 (full 2):
 PSYoungGen      total 59392K, used 56613K [0x00000000fab00000, 0x0000000100000000, 0x0000000100000000)
  eden space 46080K, 94% used [0x00000000fab00000,0x00000000fd5ba128,0x00000000fd800000)
  from space 13312K, 96% used [0x00000000fd800000,0x00000000fe48f450,0x00000000fe500000)
  to   space 20992K, 0% used [0x00000000feb80000,0x00000000feb80000,0x0000000100000000)
 ParOldGen       total 108032K, used 38965K [0x00000000f0000000, 0x00000000f6980000, 0x00000000fab00000)
  object space 108032K, 36% used [0x00000000f0000000,0x00000000f260d708,0x00000000f6980000)
 Metaspace       used 36913K, capacity 37192K, committed 37760K, reserved 1083392K
  class space    used 4287K, capacity 4364K, committed 4480K, reserved 1048576K
Event: 343.471 GC heap after
Heap after GC invocations=16 (full 2):
 PSYoungGen      total 65024K, used 13744K [0x00000000fab00000, 0x0000000100000000, 0x0000000100000000)
  eden space 44032K, 0% used [0x00000000fab00000,0x00000000fab00000,0x00000000fd600000)
  from space 20992K, 65% used [0x00000000feb80000,0x00000000ff8ec1e0,0x0000000100000000)
  to   space 21504K, 0% used [0x00000000fd600000,0x00000000fd600000,0x00000000feb00000)
 ParOldGen       total 108032K, used 38973K [0x00000000f0000000, 0x00000000f6980000, 0x00000000fab00000)
  object space 108032K, 36% used [0x00000000f0000000,0x00000000f260f708,0x00000000f6980000)
 Metaspace       used 36913K, capacity 37192K, committed 37760K, reserved 1083392K
  class space    used 4287K, capacity 4364K, committed 4480K, reserved 1048576K
}
Event: 351.229 GC heap before
{Heap before GC invocations=17 (full 2):
 PSYoungGen      total 65024K, used 57776K [0x00000000fab00000, 0x0000000100000000, 0x0000000100000000)
  eden space 44032K, 100% used [0x00000000fab00000,0x00000000fd600000,0x00000000fd600000)
  from space 20992K, 65% used [0x00000000feb80000,0x00000000ff8ec1e0,0x0000000100000000)
  to   space 21504K, 0% used [0x00000000fd600000,0x00000000fd600000,0x00000000feb00000)
 ParOldGen       total 108032K, used 38973K [0x00000000f0000000, 0x00000000f6980000, 0x00000000fab00000)
  object space 108032K, 36% used [0x00000000f0000000,0x00000000f260f708,0x00000000f6980000)
 Metaspace       used 37340K, capacity 37664K, committed 38272K, reserved 1083392K
  class space    used 4329K, capacity 4432K, committed 4480K, reserved 1048576K
Event: 351.242 GC heap after
Heap after GC invocations=17 (full 2):
 PSYoungGen      total 65536K, used 21485K [0x00000000fab00000, 0x0000000100000000, 0x0000000100000000)
  eden space 44032K, 0% used [0x00000000fab00000,0x00000000fab00000,0x00000000fd600000)
  from space 21504K, 99% used [0x00000000fd600000,0x00000000feafb7e0,0x00000000feb00000)
  to   space 21504K, 0% used [0x00000000feb00000,0x00000000feb00000,0x0000000100000000)
 ParOldGen       total 108032K, used 50360K [0x00000000f0000000, 0x00000000f6980000, 0x00000000fab00000)
  object space 108032K, 46% used [0x00000000f0000000,0x00000000f312e078,0x00000000f6980000)
 Metaspace       used 37340K, capacity 37664K, committed 38272K, reserved 1083392K
  class space    used 4329K, capacity 4432K, committed 4480K, reserved 1048576K
}
Event: 447.144 GC heap before
{Heap before GC invocations=18 (full 2):
 PSYoungGen      total 65536K, used 65517K [0x00000000fab00000, 0x0000000100000000, 0x0000000100000000)
  eden space 44032K, 100% used [0x00000000fab00000,0x00000000fd600000,0x00000000fd600000)
  from space 21504K, 99% used [0x00000000fd600000,0x00000000feafb7e0,0x00000000feb00000)
  to   space 21504K, 0% used [0x00000000feb00000,0x00000000feb00000,0x0000000100000000)
 ParOldGen       total 108032K, used 50360K [0x00000000f0000000, 0x00000000f6980000, 0x00000000fab00000)
  object space 108032K, 46% used [0x00000000f0000000,0x00000000f312e078,0x00000000f6980000)
 Metaspace       used 37884K, capacity 38188K, committed 38784K, reserved 1083392K
  class space    used 4365K, capacity 4434K, committed 4480K, reserved 1048576K
Event: 447.161 GC heap after
Heap after GC invocations=18 (full 2):
 PSYoungGen      total 51200K, used 20518K [0x00000000fab00000, 0x0000000100000000, 0x0000000100000000)
  eden space 29696K, 0% used [0x00000000fab00000,0x00000000fab00000,0x00000000fc800000)
  from space 21504K, 95% used [0x00000000feb00000,0x00000000fff09ab8,0x0000000100000000)
  to   space 28672K, 0% used [0x00000000fc800000,0x00000000fc800000,0x00000000fe400000)
 ParOldGen       total 108032K, used 77548K [0x00000000f0000000, 0x00000000f6980000, 0x00000000fab00000)
  object space 108032K, 71% used [0x00000000f0000000,0x00000000f4bbb068,0x00000000f6980000)
 Metaspace       used 37884K, capacity 38188K, committed 38784K, reserved 1083392K
  class space    used 4365K, capacity 4434K, committed 4480K, reserved 1048576K
}
Event: 506.206 GC heap before
{Heap before GC invocations=19 (full 2):
 PSYoungGen      total 51200K, used 48869K [0x00000000fab00000, 0x0000000100000000, 0x0000000100000000)
  eden space 29696K, 95% used [0x00000000fab00000,0x00000000fc6afb78,0x00000000fc800000)
  from space 21504K, 95% used [0x00000000feb00000,0x00000000fff09ab8,0x0000000100000000)
  to   space 28672K, 0% used [0x00000000fc800000,0x00000000fc800000,0x00000000fe400000)
 ParOldGen       total 108032K, used 77548K [0x00000000f0000000, 0x00000000f6980000, 0x00000000fab00000)
  object space 108032K, 71% used [0x00000000f0000000,0x00000000f4bbb068,0x00000000f6980000)
 Metaspace       used 38005K, capacity 38348K, committed 38784K, reserved 1083392K
  class space    used 4374K, capacity 4466K, committed 4480K, reserved 1048576K
Event: 506.222 GC heap after
Heap after GC invocations=19 (full 2):
 PSYoungGen      total 58368K, used 26524K [0x00000000fab00000, 0x0000000100000000, 0x0000000100000000)
  eden space 29696K, 0% used [0x00000000fab00000,0x00000000fab00000,0x00000000fc800000)
  from space 28672K, 92% used [0x00000000fc800000,0x00000000fe1e7140,0x00000000fe400000)
  to   space 28672K, 0% used [0x00000000fe400000,0x00000000fe400000,0x0000000100000000)
 ParOldGen       total 108032K, used 90095K [0x00000000f0000000, 0x00000000f6980000, 0x00000000fab00000)
  object space 108032K, 83% used [0x00000000f0000000,0x00000000f57fbe48,0x00000000f6980000)
 Metaspace       used 38005K, capacity 38348K, committed 38784K, reserved 1083392K
  class space    used 4374K, capacity 4466K, committed 4480K, reserved 1048576K
}
Event: 506.222 GC heap before
{Heap before GC invocations=20 (full 3):
 PSYoungGen      total 58368K, used 26524K [0x00000000fab00000, 0x0000000100000000, 0x0000000100000000)
  eden space 29696K, 0% used [0x00000000fab00000,0x00000000fab00000,0x00000000fc800000)
  from space 28672K, 92% used [0x00000000fc800000,0x00000000fe1e7140,0x00000000fe400000)
  to   space 28672K, 0% used [0x00000000fe400000,0x00000000fe400000,0x0000000100000000)
 ParOldGen       total 108032K, used 90095K [0x00000000f0000000, 0x00000000f6980000, 0x00000000fab00000)
  object space 108032K, 83% used [0x00000000f0000000,0x00000000f57fbe48,0x00000000f6980000)
 Metaspace       used 38005K, capacity 38348K, committed 38784K, reserved 1083392K
  class space    used 4374K, capacity 4466K, committed 4480K, reserved 1048576K
Event: 506.329 GC heap after
Heap after GC invocations=20 (full 3):
 PSYoungGen      total 58368K, used 0K [0x00000000fab00000, 0x0000000100000000, 0x0000000100000000)
  eden space 29696K, 0% used [0x00000000fab00000,0x00000000fab00000,0x00000000fc800000)
  from space 28672K, 0% used [0x00000000fc800000,0x00000000fc800000,0x00000000fe400000)
  to   space 28672K, 0% used [0x00000000fe400000,0x00000000fe400000,0x0000000100000000)
 ParOldGen       total 161792K, used 40290K [0x00000000f0000000, 0x00000000f9e00000, 0x00000000fab00000)
  object space 161792K, 24% used [0x00000000f0000000,0x00000000f27589a0,0x00000000f9e00000)
 Metaspace       used 37994K, capacity 38330K, committed 38784K, reserved 1083392K
  class space    used 4370K, capacity 4459K, committed 4480K, reserved 1048576K
}

