# JRE version: OpenJDK Runtime Environment (8.0_171-b11) (build 1.8.0_171-8u171-b11-0ubuntu0.16.04.1-b11)
# Java VM: OpenJDK 64-Bit Server VM (25.171-b11 mixed mode linux-amd64 compressed oops)
Heap:
 PSYoungGen      total 58368K, used 49139K [0x00000000fab00000, 0x0000000100000000, 0x0000000100000000)
  eden space 29696K, 68% used [0x00000000fab00000,0x00000000fbefe240,0x00000000fc800000)
  from space 28672K, 99% used [0x00000000fc800000,0x00000000fe3fec98,0x00000000fe400000)
  to   space 28672K, 0% used [0x00000000fe400000,0x00000000fe400000,0x0000000100000000)
 ParOldGen       total 85504K, used 66040K [0x00000000f0000000, 0x00000000f5380000, 0x00000000fab00000)
  object space 85504K, 77% used [0x00000000f0000000,0x00000000f407e320,0x00000000f5380000)
 Metaspace       used 41171K, capacity 41452K, committed 41856K, reserved 1085440K
  class space    used 4802K, capacity 4882K, committed 4992K, reserved 1048576K
GC Heap History (10 events):
Event: 210.070 GC heap before
{Heap before GC invocations=15 (full 2):
 PSYoungGen      total 69632K, used 57570K [0x00000000fab00000, 0x00000000ffe80000, 0x0000000100000000)
  eden space 54784K, 100% used [0x00000000fab00000,0x00000000fe080000,0x00000000fe080000)
  from space 14848K, 18% used [0x00000000ff000000,0x00000000ff2b8a10,0x00000000ffe80000)
  to   space 15360K, 0% used [0x00000000fe080000,0x00000000fe080000,0x00000000fef80000)
 ParOldGen       total 85504K, used 20703K [0x00000000f0000000, 0x00000000f5380000, 0x00000000fab00000)
  object space 85504K, 24% used [0x00000000f0000000,0x00000000f1437f10,0x00000000f5380000)
 Metaspace       used 36588K, capacity 36930K, committed 37504K, reserved 1083392K
  class space    used 4284K, capacity 4363K, committed 4480K, reserved 1048576K
Event: 210.076 GC heap after
Heap after GC invocations=15 (full 2):
 PSYoungGen      total 70144K, used 15190K [0x00000000fab00000, 0x0000000100000000, 0x0000000100000000)
  eden space 54784K, 0% used [0x00000000fab00000,0x00000000fab00000,0x00000000fe080000)
  from space 15360K, 98% used [0x00000000fe080000,0x00000000fef55a80,0x00000000fef80000)
  to   space 16896K, 0% used [0x00000000fef80000,0x00000000fef80000,0x0000000100000000)
 ParOldGen       total 85504K, used 20711K [0x00000000f0000000, 0x00000000f5380000, 0x00000000fab00000)
  object space 85504K, 24% used [0x00000000f0000000,0x00000000f1439f10,0x00000000f5380000)
 Metaspace       used 36588K, capacity 36930K, committed 37504K, reserved 1083392K
  class space    used 4284K, capacity 4363K, committed 4480K, reserved 1048576K
}
Event: 212.274 GC heap before
{Heap before GC invocations=16 (full 2):
 PSYoungGen      total 70144K, used 69974K [0x00000000fab00000, 0x0000000100000000, 0x0000000100000000)
  eden space 54784K, 100% used [0x00000000fab00000,0x00000000fe080000,0x00000000fe080000)
  from space 15360K, 98% used [0x00000000fe080000,0x00000000fef55a80,0x00000000fef80000)
  to   space 16896K, 0% used [0x00000000fef80000,0x00000000fef80000,0x0000000100000000)
 ParOldGen       total 85504K, used 20711K [0x00000000f0000000, 0x00000000f5380000, 0x00000000fab00000)
  object space 85504K, 24% used [0x00000000f0000000,0x00000000f1439f10,0x00000000f5380000)
 Metaspace       used 37409K, capacity 37734K, committed 38272K, reserved 1083392K
  class space    used 4358K, capacity 4433K, committed 4480K, reserved 1048576K
Event: 212.292 GC heap after
Heap after GC invocations=16 (full 2):
 PSYoungGen      total 51712K, used 16878K [0x00000000fab00000, 0x0000000100000000, 0x0000000100000000)
  eden space 34816K, 0% used [0x00000000fab00000,0x00000000fab00000,0x00000000fcd00000)
  from space 16896K, 99% used [0x00000000fef80000,0x00000000ffffb998,0x0000000100000000)
  to   space 26112K, 0% used [0x00000000fcd00000,0x00000000fcd00000,0x00000000fe680000)
 ParOldGen       total 85504K, used 34506K [0x00000000f0000000, 0x00000000f5380000, 0x00000000fab00000)
  object space 85504K, 40% used [0x00000000f0000000,0x00000000f21b29d8,0x00000000f5380000)
 Metaspace       used 37409K, capacity 37734K, committed 38272K, reserved 1083392K
  class space    used 4358K, capacity 4433K, committed 4480K, reserved 1048576K
}
Event: 239.186 GC heap before
{Heap before GC invocations=17 (full 2):
 PSYoungGen      total 51712K, used 51243K [0x00000000fab00000, 0x0000000100000000, 0x0000000100000000)
  eden space 34816K, 98% used [0x00000000fab00000,0x00000000fcc8f3f8,0x00000000fcd00000)
  from space 16896K, 99% used [0x00000000fef80000,0x00000000ffffb998,0x0000000100000000)
  to   space 26112K, 0% used [0x00000000fcd00000,0x00000000fcd00000,0x00000000fe680000)
 ParOldGen       total 85504K, used 34506K [0x00000000f0000000, 0x00000000f5380000, 0x00000000fab00000)
  object space 85504K, 40% used [0x00000000f0000000,0x00000000f21b29d8,0x00000000f5380000)
 Metaspace       used 37793K, capacity 38092K, committed 38528K, reserved 1083392K
  class space    used 4373K, capacity 4466K, committed 4480K, reserved 1048576K
Event: 239.195 GC heap after
Heap after GC invocations=17 (full 2):
 PSYoungGen      total 60928K, used 26105K [0x00000000fab00000, 0x0000000100000000, 0x0000000100000000)
  eden space 34816K, 0% used [0x00000000fab00000,0x00000000fab00000,0x00000000fcd00000)
  from space 26112K, 99% used [0x00000000fcd00000,0x00000000fe67e4a8,0x00000000fe680000)
  to   space 26112K, 0% used [0x00000000fe680000,0x00000000fe680000,0x0000000100000000)
 ParOldGen       total 85504K, used 46901K [0x00000000f0000000, 0x00000000f5380000, 0x00000000fab00000)
  object space 85504K, 54% used [0x00000000f0000000,0x00000000f2dcd7a0,0x00000000f5380000)
 Metaspace       used 37793K, capacity 38092K, committed 38528K, reserved 1083392K
  class space    used 4373K, capacity 4466K, committed 4480K, reserved 1048576K
}
Event: 575.764 GC heap before
{Heap before GC invocations=18 (full 2):
 PSYoungGen      total 60928K, used 59686K [0x00000000fab00000, 0x0000000100000000, 0x0000000100000000)
  eden space 34816K, 96% used [0x00000000fab00000,0x00000000fcbcb358,0x00000000fcd00000)
  from space 26112K, 99% used [0x00000000fcd00000,0x00000000fe67e4a8,0x00000000fe680000)
  to   space 26112K, 0% used [0x00000000fe680000,0x00000000fe680000,0x0000000100000000)
 ParOldGen       total 85504K, used 46901K [0x00000000f0000000, 0x00000000f5380000, 0x00000000fab00000)
  object space 85504K, 54% used [0x00000000f0000000,0x00000000f2dcd7a0,0x00000000f5380000)
 Metaspace       used 37912K, capacity 38284K, committed 38784K, reserved 1083392K
  class space    used 4374K, capacity 4466K, committed 4480K, reserved 1048576K
Event: 575.772 GC heap after
Heap after GC invocations=18 (full 2):
 PSYoungGen      total 55808K, used 26079K [0x00000000fab00000, 0x0000000100000000, 0x0000000100000000)
  eden space 29696K, 0% used [0x00000000fab00000,0x00000000fab00000,0x00000000fc800000)
  from space 26112K, 99% used [0x00000000fe680000,0x00000000ffff7f68,0x0000000100000000)
  to   space 28672K, 0% used [0x00000000fc800000,0x00000000fc800000,0x00000000fe400000)
 ParOldGen       total 85504K, used 53008K [0x00000000f0000000, 0x00000000f5380000, 0x00000000fab00000)
  object space 85504K, 61% used [0x00000000f0000000,0x00000000f33c4150,0x00000000f5380000)
 Metaspace       used 37912K, capacity 38284K, committed 38784K, reserved 1083392K
  class space    used 4374K, capacity 4466K, committed 4480K, reserved 1048576K
}
Event: 588.032 GC heap before
{Heap before GC invocations=19 (full 2):
 PSYoungGen      total 55808K, used 55775K [0x00000000fab00000, 0x0000000100000000, 0x0000000100000000)
  eden space 29696K, 100% used [0x00000000fab00000,0x00000000fc800000,0x00000000fc800000)
  from space 26112K, 99% used [0x00000000fe680000,0x00000000ffff7f68,0x0000000100000000)
  to   space 28672K, 0% used [0x00000000fc800000,0x00000000fc800000,0x00000000fe400000)
 ParOldGen       total 85504K, used 53008K [0x00000000f0000000, 0x00000000f5380000, 0x00000000fab00000)
  object space 85504K, 61% used [0x00000000f0000000,0x00000000f33c4150,0x00000000f5380000)
 Metaspace       used 39432K, capacity 39756K, committed 40320K, reserved 1085440K
  class space    used 4549K, capacity 4658K, committed 4736K, reserved 1048576K
Event: 588.046 GC heap after
Heap after GC invocations=19 (full 2):
 PSYoungGen      total 58368K, used 28667K [0x00000000fab00000, 0x0000000100000000, 0x0000000100000000)
  eden space 29696K, 0% used [0x00000000fab00000,0x00000000fab00000,0x00000000fc800000)
  from space 28672K, 99% used [0x00000000fc800000,0x00000000fe3fec98,0x00000000fe400000)
  to   space 28672K, 0% used [0x00000000fe400000,0x00000000fe400000,0x0000000100000000)
 ParOldGen       total 85504K, used 66040K [0x00000000f0000000, 0x00000000f5380000, 0x00000000fab00000)
  object space 85504K, 77% used [0x00000000f0000000,0x00000000f407e320,0x00000000f5380000)
 Metaspace       used 39432K, capacity 39756K, committed 40320K, reserved 1085440K
  class space    used 4549K, capacity 4658K, committed 4736K, reserved 1048576K
}

